<?xml version="1.0" encoding="UTF-8"?>
<!-- Generated by org.testng.reporters.JUnitReportReporter -->
<testsuite hostname="DESKTOP-OBN755H" failures="0" tests="1" name="phptravel.WaitFluent" time="4.418" errors="0" timestamp="21 Aug 2019 18:07:40 GMT" skipped="0">
  <testcase classname="phptravel.WaitFluent" name="moderatorUser" time="4.418"/>
</testsuite> <!-- phptravel.WaitFluent -->
