<?xml version="1.0" encoding="UTF-8"?>
<!-- Generated by org.testng.reporters.JUnitReportReporter -->
<testsuite hostname="DESKTOP-OBN755H" failures="0" tests="1" name="phptravel.POMTest" time="9.737" errors="0" timestamp="23 Aug 2019 20:00:39 GMT" skipped="0">
  <testcase classname="phptravel.POMTest" name="demoTest" time="9.737"/>
</testsuite> <!-- phptravel.POMTest -->
