<?xml version="1.0" encoding="UTF-8"?>
<!-- Generated by org.testng.reporters.JUnitReportReporter -->
<testsuite hostname="DESKTOP-OBN755H" failures="0" tests="1" name="pom.Test1" time="9.655" errors="0" timestamp="15 Aug 2019 20:04:08 GMT" skipped="0">
  <testcase classname="pom.Test1" name="youTubeTest" time="9.655"/>
</testsuite> <!-- pom.Test1 -->
